0 info it worked if it ends with ok
1 verbose cli [
1 verbose cli   '/Users/ericgrimes/.nvm/versions/node/v23.10.0/bin/node',
1 verbose cli   '/Users/ericgrimes/node_modules/.bin/npm',
1 verbose cli   'run',
1 verbose cli   'db:schema'
1 verbose cli ]
2 info using npm@2.15.12
3 info using node@v23.10.0
4 verbose run-script [ 'predb:schema', 'db:schema', 'postdb:schema' ]
5 info predb:schema winery_review@
6 info db:schema winery_review@
7 verbose unsafe-perm in lifecycle true
8 info winery_review@ Failed to exec db:schema script
9 verbose stack Error: winery_review@ db:schema: `PGPASSWORD=$PGPASSWORD psql sslmode=require host=$PGHOST dbname=$PGDATABASE user=$PGUSER" -f server/db/schema.sql`
9 verbose stack Exit status 2
9 verbose stack     at EventEmitter.<anonymous> (/Users/ericgrimes/node_modules/npm/lib/utils/lifecycle.js:217:16)
9 verbose stack     at EventEmitter.emit (node:events:507:28)
9 verbose stack     at ChildProcess.<anonymous> (/Users/ericgrimes/node_modules/npm/lib/utils/spawn.js:24:14)
9 verbose stack     at ChildProcess.emit (node:events:507:28)
9 verbose stack     at maybeClose (node:internal/child_process:1101:16)
9 verbose stack     at ChildProcess._handle.onexit (node:internal/child_process:305:5)
10 verbose pkgid winery_review@
11 verbose cwd /Users/ericgrimes/Desktop/2503-FTB-ET-WEB-AM/Coursework/capstone/winery_review
12 error Darwin 24.6.0
13 error argv "/Users/ericgrimes/.nvm/versions/node/v23.10.0/bin/node" "/Users/ericgrimes/node_modules/.bin/npm" "run" "db:schema"
14 error node v23.10.0
15 error npm  v2.15.12
16 error code ELIFECYCLE
17 error winery_review@ db:schema: `PGPASSWORD=$PGPASSWORD psql sslmode=require host=$PGHOST dbname=$PGDATABASE user=$PGUSER" -f server/db/schema.sql`
17 error Exit status 2
18 error Failed at the winery_review@ db:schema script 'PGPASSWORD=$PGPASSWORD psql sslmode=require host=$PGHOST dbname=$PGDATABASE user=$PGUSER" -f server/db/schema.sql'.
18 error This is most likely a problem with the winery_review package,
18 error not with npm itself.
18 error Tell the author that this fails on your system:
18 error     PGPASSWORD=$PGPASSWORD psql sslmode=require host=$PGHOST dbname=$PGDATABASE user=$PGUSER" -f server/db/schema.sql
18 error You can get information on how to open an issue for this project with:
18 error     npm bugs winery_review
18 error Or if that isn't available, you can get their info via:
18 error
18 error     npm owner ls winery_review
18 error There is likely additional logging output above.
19 verbose exit [ 1, true ]
